[    0.000000] Initializing cgroup subsys cpuset
[    0.000000] Initializing cgroup subsys cpu
[    0.000000] Initializing cgroup subsys cpuacct
[    0.000000] Linux version 4.4.0-210-generic (buildd@lgw01-amd64-009) (gcc version 5.4.0 20160609 (Ubuntu 5.4.0-6ubuntu1~16.04.12) ) #242-Ubuntu SMP Fri Apr 16 09:57:56 UTC 2021 (Ubuntu 4.4.0-210.242-generic 4.4.262)
[    0.000000] Command line: BOOT_IMAGE=/boot/vmlinuz-4.4.0-210-generic root=LABEL=cloudimg-rootfs ro console=tty1 console=ttyS0
[    0.000000] KERNEL supported cpus:
[    0.000000]   Intel GenuineIntel
[    0.000000]   AMD AuthenticAMD
[    0.000000]   Centaur CentaurHauls
[    0.000000] x86/fpu: xstate_offset[2]:  576, xstate_sizes[2]:  256
[    0.000000] x86/fpu: Supporting XSAVE feature 0x01: 'x87 floating point registers'
[    0.000000] x86/fpu: Supporting XSAVE feature 0x02: 'SSE registers'
[    0.000000] x86/fpu: Supporting XSAVE feature 0x04: 'AVX registers'
[    0.000000] x86/fpu: Enabled xstate features 0x7, context size is 832 bytes, using 'standard' format.
[    0.000000] e820: BIOS-provided physical RAM map:
[    0.000000] BIOS-e820: [mem 0x0000000000000000-0x000000000009fbff] usable
[    0.000000] BIOS-e820: [mem 0x000000000009fc00-0x000000000009ffff] reserved
[    0.000000] BIOS-e820: [mem 0x00000000000f0000-0x00000000000fffff] reserved
[    0.000000] BIOS-e820: [mem 0x0000000000100000-0x000000003ffeffff] usable
[    0.000000] BIOS-e820: [mem 0x000000003fff0000-0x000000003fffffff] ACPI data
[    0.000000] BIOS-e820: [mem 0x00000000fec00000-0x00000000fec00fff] reserved
[    0.000000] BIOS-e820: [mem 0x00000000fee00000-0x00000000fee00fff] reserved
[    0.000000] BIOS-e820: [mem 0x00000000fffc0000-0x00000000ffffffff] reserved
[    0.000000] NX (Execute Disable) protection: active
[    0.000000] SMBIOS 2.5 present.
[    0.000000] Hypervisor detected: KVM
[    0.000000] e820: last_pfn = 0x3fff0 max_arch_pfn = 0x400000000
[    0.000000] MTRR: Disabled
[    0.000000] x86/PAT: MTRRs disabled, skipping PAT initialization too.
[    0.000000] CPU MTRRs all blank - virtualized system.
[    0.000000] x86/PAT: Configuration [0-7]: WB  WT  UC- UC  WB  WT  UC- UC  
[    0.000000] found SMP MP-table at [mem 0x0009fff0-0x0009ffff] mapped at [ffff88000009fff0]
[    0.000000] Scanning 1 areas for low memory corruption
[    0.000000] RAMDISK: [mem 0x362dc000-0x37165fff]
[    0.000000] ACPI: Early table checksum verification disabled
[    0.000000] ACPI: RSDP 0x00000000000E0000 000024 (v02 VBOX  )
[    0.000000] ACPI: XSDT 0x000000003FFF0030 00003C (v01 VBOX   VBOXXSDT 00000001 ASL  00000061)
[    0.000000] ACPI: FACP 0x000000003FFF00F0 0000F4 (v04 VBOX   VBOXFACP 00000001 ASL  00000061)
[    0.000000] ACPI: DSDT 0x000000003FFF0470 002325 (v02 VBOX   VBOXBIOS 00000002 INTL 20190509)
[    0.000000] ACPI: FACS 0x000000003FFF0200 000040
[    0.000000] ACPI: FACS 0x000000003FFF0200 000040
[    0.000000] ACPI: APIC 0x000000003FFF0240 00005C (v02 VBOX   VBOXAPIC 00000001 ASL  00000061)
[    0.000000] ACPI: SSDT 0x000000003FFF02A0 0001CC (v01 VBOX   VBOXCPUT 00000002 INTL 20190509)
[    0.000000] No NUMA configuration found
[    0.000000] Faking a node at [mem 0x0000000000000000-0x000000003ffeffff]
[    0.000000] NODE_DATA(0) allocated [mem 0x3ffeb000-0x3ffeffff]
[    0.000000] kvm-clock: Using msrs 4b564d01 and 4b564d00
[    0.000000] kvm-clock: cpu 0, msr 0:3ffe3001, primary cpu clock
[    0.000000] kvm-clock: using sched offset of 3079846319 cycles
[    0.000000] clocksource: kvm-clock: mask: 0xffffffffffffffff max_cycles: 0x1cd42e4dffb, max_idle_ns: 881590591483 ns
[    0.000000] Zone ranges:
[    0.000000]   DMA      [mem 0x0000000000001000-0x0000000000ffffff]
[    0.000000]   DMA32    [mem 0x0000000001000000-0x000000003ffeffff]
[    0.000000]   Normal   empty
[    0.000000]   Device   empty
[    0.000000] Movable zone start for each node
[    0.000000] Early memory node ranges
[    0.000000]   node   0: [mem 0x0000000000001000-0x000000000009efff]
[    0.000000]   node   0: [mem 0x0000000000100000-0x000000003ffeffff]
[    0.000000] Initmem setup node 0 [mem 0x0000000000001000-0x000000003ffeffff]
[    0.000000] ACPI: PM-Timer IO Port: 0x4008
[    0.000000] IOAPIC[0]: apic_id 2, version 32, address 0xfec00000, GSI 0-23
[    0.000000] ACPI: INT_SRC_OVR (bus 0 bus_irq 0 global_irq 2 dfl dfl)
[    0.000000] ACPI: INT_SRC_OVR (bus 0 bus_irq 9 global_irq 9 low level)
[    0.000000] Using ACPI (MADT) for SMP configuration information
[    0.000000] smpboot: Allowing 2 CPUs, 0 hotplug CPUs
[    0.000000] PM: Registered nosave memory: [mem 0x00000000-0x00000fff]
[    0.000000] PM: Registered nosave memory: [mem 0x0009f000-0x0009ffff]
[    0.000000] PM: Registered nosave memory: [mem 0x000a0000-0x000effff]
[    0.000000] PM: Registered nosave memory: [mem 0x000f0000-0x000fffff]
[    0.000000] e820: [mem 0x40000000-0xfebfffff] available for PCI devices
[    0.000000] Booting paravirtualized kernel on KVM
[    0.000000] clocksource: refined-jiffies: mask: 0xffffffff max_cycles: 0xffffffff, max_idle_ns: 7645519600211568 ns
[    0.000000] setup_percpu: NR_CPUS:512 nr_cpumask_bits:512 nr_cpu_ids:2 nr_node_ids:1
[    0.000000] PERCPU: Embedded 33 pages/cpu @ffff88003fc00000 s95192 r8192 d31784 u1048576
[    0.000000] Built 1 zonelists in Node order, mobility grouping on.  Total pages: 257912
[    0.000000] Policy zone: DMA32
[    0.000000] Kernel command line: BOOT_IMAGE=/boot/vmlinuz-4.4.0-210-generic root=LABEL=cloudimg-rootfs ro console=tty1 console=ttyS0
[    0.000000] PID hash table entries: 4096 (order: 3, 32768 bytes)
[    0.000000] Memory: 997792K/1048120K available (8644K kernel code, 1332K rwdata, 4044K rodata, 1492K init, 1164K bss, 50328K reserved, 0K cma-reserved)
[    0.000000] SLUB: HWalign=64, Order=0-3, MinObjects=0, CPUs=2, Nodes=1
[    0.000000] Kernel/User page tables isolation: enabled
[    0.000000] Hierarchical RCU implementation.
[    0.000000] 	Build-time adjustment of leaf fanout to 64.
[    0.000000] 	RCU restricting CPUs from NR_CPUS=512 to nr_cpu_ids=2.
[    0.000000] RCU: Adjusting geometry for rcu_fanout_leaf=64, nr_cpu_ids=2
[    0.000000] NR_IRQS:33024 nr_irqs:440 16
[    0.000000] Console: colour VGA+ 80x25
[    0.000000] console [tty1] enabled
[    0.000000] console [ttyS0] enabled
[    0.000000] tsc: Detected 2803.198 MHz processor
[    0.091962] Calibrating delay loop (skipped) preset value.. 5606.39 BogoMIPS (lpj=11212792)
[    0.093188] pid_max: default: 32768 minimum: 301
[    0.093777] ACPI: Core revision 20150930
[    0.094888] ACPI: 2 ACPI AML tables successfully acquired and loaded
[    0.095746] Security Framework initialized
[    0.096257] Yama: becoming mindful.
[    0.096723] AppArmor: AppArmor initialized
[    0.097279] Dentry cache hash table entries: 131072 (order: 8, 1048576 bytes)
[    0.098714] Inode-cache hash table entries: 65536 (order: 7, 524288 bytes)
[    0.099662] Mount-cache hash table entries: 2048 (order: 2, 16384 bytes)
[    0.100415] Mountpoint-cache hash table entries: 2048 (order: 2, 16384 bytes)
[    0.101308] Initializing cgroup subsys io
[    0.101830] Initializing cgroup subsys memory
[    0.102380] Initializing cgroup subsys devices
[    0.102947] Initializing cgroup subsys freezer
[    0.103511] Initializing cgroup subsys net_cls
[    0.104133] Initializing cgroup subsys perf_event
[    0.104729] Initializing cgroup subsys net_prio
[    0.105298] Initializing cgroup subsys hugetlb
[    0.105850] Initializing cgroup subsys pids
[    0.110789] mce: CPU supports 0 MCE banks
[    0.111390] Last level iTLB entries: 4KB 0, 2MB 0, 4MB 0
[    0.112032] Last level dTLB entries: 4KB 0, 2MB 0, 4MB 0, 1GB 0
[    0.112851] Spectre V1 : Mitigation: usercopy/swapgs barriers and __user pointer sanitization
[    0.113896] Spectre V2 : Mitigation: Full generic retpoline
[    0.114555] Spectre V2 : Spectre v2 / SpectreRSB mitigation: Filling RSB on context switch
[    0.115579] Speculative Store Bypass: Vulnerable
[    0.116333] MDS: Mitigation: Clear CPU buffers
[    0.118844] Freeing SMP alternatives memory: 36K
[    0.124659] ftrace: allocating 32380 entries in 127 pages
[    0.178344] smpboot: APIC(0) Converting physical 0 to logical package 0
[    0.179230] smpboot: Max logical packages: 1
[    0.180024] x2apic enabled
[    0.180640] Switched APIC routing to physical x2apic.
[    0.182230] ..TIMER: vector=0x30 apic1=0 pin1=2 apic2=-1 pin2=-1
[    0.291124] smpboot: CPU0: 11th Gen Intel(R) Core(TM) i7-1165G7 @ 2.80GHz (family: 0x6, model: 0x8c, stepping: 0x1)
[    0.292957] Performance Events: unsupported p6 CPU model 140 no PMU driver, software events only.
[    0.302302] KVM setup paravirtual spinlock
[    0.304051] x86: Booting SMP configuration:
[    0.304651] .... node  #0, CPUs:      #1
[    0.305456] kvm-clock: cpu 1, msr 0:3ffe3041, secondary cpu clock
[    0.310417] mce: CPU supports 0 MCE banks
[    0.312774] x86: Booted up 1 node, 2 CPUs
[    0.313438] smpboot: Total of 2 processors activated (11212.79 BogoMIPS)
[    0.314453] devtmpfs: initialized
[    0.315821] evm: security.selinux
[    0.316316] evm: security.SMACK64
[    0.316767] evm: security.SMACK64EXEC
[    0.317247] evm: security.SMACK64TRANSMUTE
[    0.317765] evm: security.SMACK64MMAP
[    0.318246] evm: security.ima
[    0.318666] evm: security.capability
[    0.319353] clocksource: jiffies: mask: 0xffffffff max_cycles: 0xffffffff, max_idle_ns: 7645041785100000 ns
[    0.320632] futex hash table entries: 512 (order: 3, 32768 bytes)
[    0.321577] pinctrl core: initialized pinctrl subsystem
[    0.322303] RTC time: 18:23:10, date: 01/19/22
[    0.323020] NET: Registered protocol family 16
[    0.335091] cpuidle: using governor ladder
[    0.347346] cpuidle: using governor menu
[    0.347878] PCCT header not found.
[    0.348409] ACPI: bus type PCI registered
[    0.348961] acpiphp: ACPI Hot Plug PCI Controller Driver version: 0.5
[    0.349843] PCI: Using configuration type 1 for base access
[    0.359442] ACPI: Added _OSI(Module Device)
[    0.360025] ACPI: Added _OSI(Processor Device)
[    0.360577] ACPI: Added _OSI(3.0 _SCP Extensions)
[    0.361146] ACPI: Added _OSI(Processor Aggregator Device)
[    0.362256] ACPI: Executed 1 blocks of module-level executable AML code
[    0.364604] ACPI: Interpreter enabled
[    0.365104] ACPI: (supports S0 S5)
[    0.365558] ACPI: Using IOAPIC for interrupt routing
[    0.366278] PCI: Using host bridge windows from ACPI; if necessary, use "pci=nocrs" and report a bug
[    0.369772] ACPI: PCI Root Bridge [PCI0] (domain 0000 [bus 00-ff])
[    0.370547] acpi PNP0A03:00: _OSC: OS supports [ASPM ClockPM Segments MSI]
[    0.371634] acpi PNP0A03:00: _OSC: not requesting OS control; OS requires [ExtendedConfig ASPM ClockPM MSI]
[    0.372855] acpi PNP0A03:00: fail to add MMCONFIG information, can't access extended PCI configuration space under this bridge.
[    0.374343] PCI host bridge to bus 0000:00
[    0.375020] pci_bus 0000:00: root bus resource [io  0x0000-0x0cf7 window]
[    0.375803] pci_bus 0000:00: root bus resource [io  0x0d00-0xffff window]
[    0.376586] pci_bus 0000:00: root bus resource [mem 0x000a0000-0x000bffff window]
[    0.377516] pci_bus 0000:00: root bus resource [mem 0x40000000-0xfdffffff window]
[    0.378463] pci_bus 0000:00: root bus resource [bus 00-ff]
[    0.380097] pci 0000:00:01.1: legacy IDE quirk: reg 0x10: [io  0x01f0-0x01f7]
[    0.380903] pci 0000:00:01.1: legacy IDE quirk: reg 0x14: [io  0x03f6]
[    0.381663] pci 0000:00:01.1: legacy IDE quirk: reg 0x18: [io  0x0170-0x0177]
[    0.382478] pci 0000:00:01.1: legacy IDE quirk: reg 0x1c: [io  0x0376]
[    0.396353] pci 0000:00:07.0: quirk: [io  0x4000-0x403f] claimed by PIIX4 ACPI
[    0.397323] pci 0000:00:07.0: quirk: [io  0x4100-0x410f] claimed by PIIX4 SMB
[    0.402262] ACPI: PCI Interrupt Link [LNKA] (IRQs 5 9 10 *11)
[    0.403420] ACPI: PCI Interrupt Link [LNKB] (IRQs 5 9 *10 11)
[    0.404393] ACPI: PCI Interrupt Link [LNKC] (IRQs 5 *9 10 11)
[    0.405353] ACPI: PCI Interrupt Link [LNKD] (IRQs 5 9 10 *11)
[    0.406353] ACPI: Enabled 2 GPEs in block 00 to 07
[    0.407184] vgaarb: setting as boot device: PCI:0000:00:02.0
[    0.407865] vgaarb: device added: PCI:0000:00:02.0,decodes=io+mem,owns=io+mem,locks=none
[    0.408872] vgaarb: loaded
[    0.409283] vgaarb: bridge control possible 0000:00:02.0
[    0.410280] SCSI subsystem initialized
[    0.411146] ACPI: bus type USB registered
[    0.411894] usbcore: registered new interface driver usbfs
[    0.412777] usbcore: registered new interface driver hub
[    0.413615] usbcore: registered new device driver usb
[    0.415273] PCI: Using ACPI for IRQ routing
[    0.416423] NetLabel: Initializing
[    0.417081] NetLabel:  domain hash size = 128
[    0.417869] NetLabel:  protocols = UNLABELED CIPSOv4
[    0.418718] NetLabel:  unlabeled traffic allowed by default
[    0.419899] amd_nb: Cannot enumerate AMD northbridges
[    0.420825] clocksource: Switched to clocksource kvm-clock
[    0.428056] AppArmor: AppArmor Filesystem Enabled
[    0.429006] pnp: PnP ACPI init
[    0.429952] pnp: PnP ACPI: found 3 devices
[    0.437275] clocksource: acpi_pm: mask: 0xffffff max_cycles: 0xffffff, max_idle_ns: 2085701024 ns
[    0.438740] NET: Registered protocol family 2
[    0.439446] TCP established hash table entries: 8192 (order: 4, 65536 bytes)
[    0.440252] TCP bind hash table entries: 8192 (order: 5, 131072 bytes)
[    0.441128] TCP: Hash tables configured (established 8192 bind 8192)
[    0.442472] UDP hash table entries: 512 (order: 2, 16384 bytes)
[    0.443238] UDP-Lite hash table entries: 512 (order: 2, 16384 bytes)
[    0.444031] NET: Registered protocol family 1
[    0.444581] pci 0000:00:00.0: Limiting direct PCI/PCI transfers
[    0.445300] pci 0000:00:01.0: Activating ISA DMA hang workarounds
[    0.446095] Unpacking initramfs...
[    0.606969] Freeing initrd memory: 14888K
[    0.607669] clocksource: tsc: mask: 0xffffffffffffffff max_cycles: 0x28680e0a5c3, max_idle_ns: 440795346756 ns
[    0.608831] platform rtc_cmos: registered platform RTC device (no PNP device found)
[    0.609753] Scanning for low memory corruption every 60 seconds
[    0.610684] audit: initializing netlink subsys (disabled)
[    0.611296] audit: type=2000 audit(1642616594.918:1): initialized
[    0.612049] Initialise system trusted keyring
[    0.612735] HugeTLB registered 2 MB page size, pre-allocated 0 pages
[    0.614180] zbud: loaded
[    0.614888] VFS: Disk quotas dquot_6.6.0
[    0.615349] VFS: Dquot-cache hash table entries: 512 (order 0, 4096 bytes)
[    0.616143] squashfs: version 4.0 (2009/01/31) Phillip Lougher
[    0.616997] fuse init (API version 7.23)
[    0.617596] Key type big_key registered
[    0.618050] Allocating IMA MOK and blacklist keyrings.
[    0.619134] Key type asymmetric registered
[    0.619655] Asymmetric key parser 'x509' registered
[    0.620243] Block layer SCSI generic (bsg) driver version 0.4 loaded (major 249)
[    0.621280] io scheduler noop registered
[    0.621741] io scheduler deadline registered (default)
[    0.622289] io scheduler cfq registered
[    0.622779] pci_hotplug: PCI Hot Plug PCI Core version: 0.5
[    0.623438] pciehp: PCI Express Hot Plug Controller Driver version: 0.4
[    0.624261] ACPI: AC Adapter [AC] (on-line)
[    0.624781] input: Power Button as /devices/LNXSYSTM:00/LNXPWRBN:00/input/input0
[    0.625719] ACPI: Power Button [PWRF]
[    0.626239] input: Sleep Button as /devices/LNXSYSTM:00/LNXSLPBN:00/input/input1
[    0.627089] ACPI: Sleep Button [SLPF]
[    0.628069] ACPI: Battery Slot [BAT0] (battery present)
[    0.628647] GHES: HEST is not enabled!
[    0.629162] Serial: 8250/16550 driver, 32 ports, IRQ sharing enabled
[    0.650142] 00:02: ttyS0 at I/O 0x3f8 (irq = 4, base_baud = 115200) is a 16550A
[    0.651921] Linux agpgart interface v0.103
[    0.653643] loop: module loaded
[    0.654473] scsi host0: ata_piix
[    0.655012] scsi host1: ata_piix
[    0.655491] ata1: PATA max UDMA/33 cmd 0x1f0 ctl 0x3f6 bmdma 0xd000 irq 14
[    0.656244] ata2: PATA max UDMA/33 cmd 0x170 ctl 0x376 bmdma 0xd008 irq 15
[    0.657095] libphy: Fixed MDIO Bus: probed
[    0.657644] tun: Universal TUN/TAP device driver, 1.6
[    0.658238] tun: (C) 1999-2004 Max Krasnyansky <maxk@qualcomm.com>
[    0.658957] PPP generic driver version 2.4.2
[    0.659520] ehci_hcd: USB 2.0 'Enhanced' Host Controller (EHCI) Driver
[    0.660276] ehci-pci: EHCI PCI platform driver
[    0.660810] ehci-platform: EHCI generic platform driver
[    0.661417] ohci_hcd: USB 1.1 'Open' Host Controller (OHCI) Driver
[    0.662063] ohci-pci: OHCI PCI platform driver
[    0.662547] ohci-platform: OHCI generic platform driver
[    0.663118] uhci_hcd: USB Universal Host Controller Interface driver
[    0.663777] i8042: PNP: PS/2 Controller [PNP0303:PS2K,PNP0f03:PS2M] at 0x60,0x64 irq 1,12
[    0.665063] serio: i8042 KBD port at 0x60,0x64 irq 1
[    0.665617] serio: i8042 AUX port at 0x60,0x64 irq 12
[    0.666211] mousedev: PS/2 mouse device common for all mice
[    0.667081] rtc_cmos rtc_cmos: rtc core: registered rtc_cmos as rtc0
[    0.667766] rtc_cmos rtc_cmos: alarms up to one day, 114 bytes nvram
[    0.668444] i2c /dev entries driver
[    0.668928] device-mapper: uevent: version 1.0.3
[    0.669477] input: AT Translated Set 2 keyboard as /devices/platform/i8042/serio0/input/input2
[    0.670450] device-mapper: ioctl: 4.34.0-ioctl (2015-10-28) initialised: dm-devel@redhat.com
[    0.671512] ledtrig-cpu: registered to indicate activity on CPUs
[    0.672451] NET: Registered protocol family 10
[    0.673173] NET: Registered protocol family 17
[    0.673714] Key type dns_resolver registered
[    0.674315] registered taskstats version 1
[    0.674823] Loading compiled-in X.509 certificates
[    0.675706] Loaded X.509 cert 'Build time autogenerated kernel key: cf00e047681d67edb2720680708b7d9498083038'
[    0.676736] zswap: loaded using pool lzo/zbud
[    0.678734] Key type trusted registered
[    0.681321] Key type encrypted registered
[    0.681871] AppArmor: AppArmor sha1 policy hashing enabled
[    0.682506] ima: No TPM chip found, activating TPM-bypass!
[    0.683164] ima: Allocated hash algorithm: sha1
[    0.683738] evm: HMAC attrs: 0x1
[    0.684411]   Magic number: 6:130:393
[    0.684973] rtc_cmos rtc_cmos: setting system clock to 2022-01-19 18:23:10 UTC (1642616590)
[    0.686180] BIOS EDD facility v0.16 2004-Jun-25, 0 devices found
[    0.686944] EDD information not available.
[    0.836573] Freeing unused kernel memory: 1492K
[    0.837403] Write protecting the kernel read-only data: 14336k
[    0.838430] Freeing unused kernel memory: 1584K
[    0.839178] Freeing unused kernel memory: 52K
Loading, please wait...
starting version 229
[    0.849617] random: systemd-udevd: uninitialized urandom read (16 bytes read, 1 bits of entropy available)
[    0.850052] random: udevadm: uninitialized urandom read (16 bytes read, 1 bits of entropy available)
[    0.850068] random: udevadm: uninitialized urandom read (16 bytes read, 1 bits of entropy available)
[    0.853392] random: systemd-udevd: uninitialized urandom read (16 bytes read, 1 bits of entropy available)
[    0.854546] random: systemd-udevd: uninitialized urandom read (16 bytes read, 1 bits of entropy available)
[    0.855767] random: systemd-udevd: uninitialized urandom read (16 bytes read, 1 bits of entropy available)
[    0.855999] random: udevadm: uninitialized urandom read (16 bytes read, 1 bits of entropy available)
[    0.856035] random: udevadm: uninitialized urandom read (16 bytes read, 1 bits of entropy available)
[    0.856130] random: udevadm: uninitialized urandom read (16 bytes read, 1 bits of entropy available)
[    0.856167] random: udevadm: uninitialized urandom read (16 bytes read, 1 bits of entropy available)
[    0.888157] e1000: Intel(R) PRO/1000 Network Driver - version 7.3.21-k8-NAPI
[    0.889438] e1000: Copyright (c) 1999-2006 Intel Corporation.
[    0.894831] Fusion MPT base driver 3.04.20
[    0.895717] Copyright (c) 1999-2008 LSI Corporation
[    0.913931] Fusion MPT SPI Host driver 3.04.20
[    0.916198] AVX2 version of gcm_enc/dec engaged.
[    0.916874] AES CTR mode by8 optimization enabled
[    1.102755] input: ImExPS/2 Generic Explorer Mouse as /devices/platform/i8042/serio1/input/input4
[    1.231773] e1000 0000:00:03.0 eth0: (PCI:33MHz:32-bit) 02:be:82:6b:cc:1d
[    1.232743] e1000 0000:00:03.0 eth0: Intel(R) PRO/1000 Network Connection
[    1.234380] mptbase: ioc0: Initiating bringup
[    1.886477] ioc0: LSI53C1030 A0: Capabilities={Initiator}
[    4.015898] scsi host2: ioc0: LSI53C1030 A0, FwRev=00000000h, Ports=1, MaxQ=256, IRQ=20
[    5.755638] scsi 2:0:0:0: Direct-Access     VBOX     HARDDISK         1.0  PQ: 0 ANSI: 5
[    5.760308] scsi target2:0:0: Beginning Domain Validation
[    5.764202] scsi target2:0:0: Domain Validation skipping write tests
[    5.764961] scsi target2:0:0: Ending Domain Validation
[    5.765648] scsi target2:0:0: asynchronous
[    5.766397] scsi 2:0:1:0: Direct-Access     VBOX     HARDDISK         1.0  PQ: 0 ANSI: 5
[    5.767405] scsi target2:0:1: Beginning Domain Validation
[    5.768488] scsi target2:0:1: Domain Validation skipping write tests
[    5.769245] scsi target2:0:1: Ending Domain Validation
[    5.769891] scsi target2:0:1: asynchronous
[    5.772554] sd 2:0:0:0: [sda] 83886080 512-byte logical blocks: (42.9 GB/40.0 GiB)
[    5.779684] sd 2:0:0:0: Attached scsi generic sg0 type 0
[    5.780600] sd 2:0:1:0: [sdb] 20480 512-byte logical blocks: (10.5 MB/10.0 MiB)
[    5.781622] sd 2:0:1:0: Attached scsi generic sg1 type 0
[    5.782363] sd 2:0:0:0: [sda] Write Protect is off
[    5.782964] sd 2:0:1:0: [sdb] Write Protect is off
[    5.783651] sd 2:0:1:0: [sdb] Incomplete mode parameter data
[    5.784326] sd 2:0:1:0: [sdb] Assuming drive cache: write through
[    5.785057] sd 2:0:0:0: [sda] Incomplete mode parameter data
[    5.785746] sd 2:0:0:0: [sda] Assuming drive cache: write through
[    5.788414]  sda: sda1
[    5.789157] sd 2:0:1:0: [sdb] Attached SCSI disk
[    5.790066] sd 2:0:0:0: [sda] Attached SCSI disk
[    6.093702] e1000 0000:00:08.0 eth1: (PCI:33MHz:32-bit) 08:00:27:65:1d:0d
[    6.094700] e1000 0000:00:08.0 eth1: Intel(R) PRO/1000 Network Connection
[    6.096165] e1000 0000:00:08.0 enp0s8: renamed from eth1
[    6.105114] e1000 0000:00:03.0 enp0s3: renamed from eth0
Begin: Loading essential drivers ... [    7.808508] md: linear personality registered for level -1
[    7.810595] md: multipath personality registered for level -4
[    7.812544] md: raid0 personality registered for level 0
[    7.815314] md: raid1 personality registered for level 1
[    7.884918] raid6: sse2x1   gen() 17121 MB/s
[    7.952927] raid6: sse2x1   xor() 12279 MB/s
[    8.020937] raid6: sse2x2   gen() 24949 MB/s
[    8.088923] raid6: sse2x2   xor() 16341 MB/s
[    8.156931] raid6: sse2x4   gen() 26162 MB/s
[    8.224933] raid6: sse2x4   xor() 15683 MB/s
[    8.292929] raid6: avx2x1   gen() 32773 MB/s
[    8.360919] raid6: avx2x2   gen() 42919 MB/s
[    8.428908] raid6: avx2x4   gen() 43611 MB/s
[    8.429505] raid6: using algorithm avx2x4 gen() 43611 MB/s
[    8.430178] raid6: using avx2x2 recovery algorithm
[    8.431881] xor: automatically using best checksumming function:
[    8.522979]    avx       : 126813.000 MB/sec
[    8.524615] async_tx: api initialized (async)
[    8.531542] md: raid6 personality registered for level 6
[    8.532273] md: raid5 personality registered for level 5
[    8.532916] md: raid4 personality registered for level 4
[    8.538052] md: raid10 personality registered for level 10
done.
Begin: Running /scripts/init-premount ... done.
Begin: Mounting root file system ... Begin: Running /scripts/local-top ... done.
Begin: Running /scripts/local-premount ... [    8.558587] Btrfs loaded
Scanning for Btrfs filesystems
done.
Warning: fsck not present, so skipping root file system
[    8.576552] EXT4-fs (sda1): mounted filesystem with ordered data mode. Opts: (null)
done.
Begin: Running /scripts/local-bottom ... done.
Begin: Running /scripts/init-bottom ... done.
[    8.632689] systemd[1]: systemd 229 running in system mode. (+PAM +AUDIT +SELINUX +IMA +APPARMOR +SMACK +SYSVINIT +UTMP +LIBCRYPTSETUP +GCRYPT +GNUTLS +ACL +XZ -LZ4 +SECCOMP +BLKID +ELFUTILS +KMOD -IDN)
[    8.634796] systemd[1]: Detected virtualization oracle.
[    8.635437] systemd[1]: Detected architecture x86-64.

Welcome to [1mUbuntu 16.04.7 LTS[0m!

[    8.637342] systemd[1]: Set hostname to <ubuntu>.
[    8.638933] systemd[1]: Initializing machine ID from random generator.
[    8.639705] systemd[1]: Installed transient /etc/machine-id file.
[    8.710603] systemd[1]: Listening on Journal Socket.
[[0;32m  OK  [0m] Listening on Journal Socket.
[    8.711951] systemd[1]: Created slice System Slice.
[[0;32m  OK  [0m] Created slice System Slice.
[    8.728969] systemd[1]: Mounting Debug File System...
         Mounting Debug File System...
[    8.730551] systemd[1]: Starting Uncomplicated firewall...
         Starting Uncomplicated firewall...
[    8.732197] systemd[1]: Mounting Huge Pages File System...
         Mounting Huge Pages File System...
[    8.733382] systemd[1]: Listening on LVM2 poll daemon socket.
[[0;32m  OK  [0m] Listening on LVM2 poll daemon socket.
[    8.734523] systemd[1]: Listening on udev Control Socket.
[[0;32m  OK  [0m] Listening on udev Control Socket.
[    8.736066] systemd[1]: Starting Nameserver information manager...
         Starting Nameserver information manager...
[    8.737369] systemd[1]: Reached target Encrypted Volumes.
[[0;32m  OK  [0m] Reached target Encrypted Volumes.
[    8.738766] systemd[1]: Created slice User and Session Slice.
[[0;32m  OK  [0m] Created slice User and Session Slice.
[    8.740154] systemd[1]: Reached target Slices.
[[0;32m  OK  [0m] Reached target Slices.
[    8.741238] systemd[1]: Listening on Journal Socket (/dev/log).
[[0;32m  OK  [0m] Listening on Journal Socket (/dev/log).
[    8.742822] systemd[1]: Created slice system-serial\x2dgetty.slice.
[[0;32m  OK  [0m] Created slice system-serial\x2dgetty.slice.
[    8.744712] systemd[1]: Mounting POSIX Message Queue File System...
         Mounting POSIX Message Queue File System...
[    8.746181] systemd[1]: Listening on Device-mapper event daemon FIFOs.
[[0;32m  OK  [0m] Listening on Device-mapper event daemon FIFOs.
[    8.747554] systemd[1]: Reached target System Time Synchronized.
[[0;32m  OK  [0m] Reached target System Time Synchronized.
[    8.748816] systemd[1]: Started Forward Password Requests to Wall Directory Watch.
[[0;32m  OK  [0m] Started Forward Password Requests to Wall Directory Watch.
[    8.750536] systemd[1]: Listening on /dev/initctl Compatibility Named Pipe.
[[0;32m  OK  [0m] Listening on /dev/initctl Compatibility Named Pipe.
[    8.752123] systemd[1]: Started Trigger resolvconf update for networkd DNS.
[[0;32m  OK  [0m] Started Trigger resolvconf update for networkd DNS.
[    8.753688] systemd[1]: Set up automount Arbitrary Executable File Formats File System Automount Point.
[[0;32m  OK  [0m] Set up automount Arbitrary Executab...ats File System Automount Point.
[    8.756248] systemd[1]: Starting Set console keymap...
         Starting Set console keymap...
[    8.757290] systemd[1]: Reached target Swap.
[[0;32m  OK  [0m] Reached target Swap.
[    8.758234] systemd[1]: Reached target User and Group Name Lookups.
[[0;32m  OK  [0m] Reached target User and Group Name Lookups.
[    8.759522] systemd[1]: Listening on fsck to fsckd communication Socket.
[[0;32m  OK  [0m] Listening on fsck to fsckd communication Socket.
[    8.761226] systemd[1]: Starting File System Check on Root Device...
         Starting File System Check on Root Device...
[    8.762550] systemd[1]: Listening on Journal Audit Socket.
[[0;32m  OK  [0m] Listening on Journal Audit Socket.
[    8.764682] systemd[1]: Listening on Syslog Socket.
[[0;32m  OK  [0m] Listening on Syslog Socket.
[    8.768773] systemd[1]: Starting Journal Service...
         Starting Journal Service...
[    8.769852] systemd[1]: Listening on LVM2 metadata daemon socket.
[[0;32m  OK  [0m] Listening on LVM2 metadata daemon socket.
[    8.771759] systemd[1]: Starting Monitoring of LVM2 mirrors, snapshots etc. using dmeventd or progress polling...
         Starting Monitoring of LVM2 mirrors... dmeventd or progress polling...
[    8.773667] systemd[1]: Listening on udev Kernel Socket.
[[0;32m  OK  [0m] Listening on udev Kernel Socket.
[    8.775842] systemd[1]: Starting Create list of required static device nodes for the current kernel...
         Starting Create list of required st... nodes for the current kernel...
[    8.778886] systemd[1]: Starting Load Kernel Modules...
         Starting Load Kernel Modules...
[    8.781339] systemd[1]: Mounted Huge Pages File System.
[[0;32m  OK  [0m] Mounted Huge Pages File System.
[    8.782495] systemd[1]: Mounted POSIX Message Queue File System.
[[0;32m  OK  [0m] Mounted POSIX Message Queue File System.
[    8.783736] systemd[1]: Mounted Debug File System.
[[0;32m  OK  [0m] Mounted Debug File System.
[    8.785153] systemd[1]: Started Uncomplicated firewall.
[[0;32m  OK  [0m] Started Uncomplicated firewall.
[    8.789563] systemd[1]: Started File System Check on Root Device.
[[0;32m  OK  [0m] Started File System Check on Root Device.
[    8.791100] Loading iSCSI transport class v2.0-870.
[    8.791133] systemd[1]: Started Create list of required static device nodes for the current kernel.
[[0;32m  OK  [0m] Started Create list of required sta...ce nodes for the current kernel.
[    8.793709] systemd[1]: Started Nameserver information manager.
[[0;32m  OK  [0m] Started Nameserver information manager.
[    8.796286] systemd[1]: Started LVM2 metadata daemon.
[[0;32m  OK  [0m] Started LVM2 metadata daemon.
[    8.798226] systemd[1]: Started File System Check Daemon to report status.
[[0;32m  OK  [0m] Started File System Check Daemon to report status.
[    8.800216] systemd[1]: Starting Create Static Device Nodes in /dev...
         Starting Create Static Device Nodes in /dev...
[    8.802076] systemd[1]: Starting Remount Root and Kernel File Systems...
         Starting Remount Root and Kernel File Systems...
[    8.804175] systemd[1]: Started Journal Service.
[    8.804691] EXT4-fs (sda1): re-mounted. Opts: (null)
[[0;32m  OK  [0m] Started Journal Service.
[[0;32m  OK  [0m] Started Remount Root and Kernel File Systems.
         Starting udev Coldplug all Devices...
         Starting Load/Save Random Seed...
         Starting Flush Journal to Persistent Storage...
[[0;32m  OK  [0m] Started Create Static Device Nodes in /dev.
[[0;32m  OK  [0m] Started Load/Save Random Seed.
         Starting udev Kernel Device Manager...
[    8.820405] iscsi: registered transport (tcp)
[    8.826024] systemd-journald[392]: Received request to flush runtime journal from PID 1
[[0;32m  OK  [0m] Started Flush Journal to Persistent Storage.
[[0;32m  OK  [0m] Started Set console keymap.
[[0;32m  OK  [0m] Started udev Kernel Device Manager.
[    8.848878] iscsi: registered transport (iser)
[[0;32m  OK  [0m] Started Load Kernel Modules.
         Mounting FUSE Control File System...
         Starting Apply Kernel Variables...
[[0;32m  OK  [0m] Mounted FUSE Control File System.
[[0;32m  OK  [0m] Started Apply Kernel Variables.
[[0;32m  OK  [0m] Started udev Coldplug all Devices.
[[0;32m  OK  [0m] Started Dispatch Password Requests to Console Directory Watch.
[[0;32m  OK  [0m] Found device /dev/ttyS0.
[[0;32m  OK  [0m] Listening on Load/Save RF Kill Switch Status /dev/rfkill Watch.
[[0;32m  OK  [0m] Started Monitoring of LVM2 mirrors,...ng dmeventd or progress polling.
[[0;32m  OK  [0m] Reached target Local File Systems (Pre).
[[0;32m  OK  [0m] Reached target Local File Systems.
         Starting Create Volatile Files and Directories...
         Starting Initial cloud-init job (pre-networking)...
         Starting Set console font and keymap...
         Starting LSB: AppArmor initialization...
         Starting Tell Plymouth To Write Out Runtime Data...
         Starting Commit a transient machine-id on disk...
[[0;32m  OK  [0m] Started Create Volatile Files and Directories.
[[0;32m  OK  [0m] Started Tell Plymouth To Write Out Runtime Data.
         Starting Update UTMP about System Boot/Shutdown...
[[0;32m  OK  [0m] Started Update UTMP about System Boot/Shutdown.
[[0;32m  OK  [0m] Started Commit a transient machine-id on disk.
[[0;32m  OK  [0m] Started Set console font and keymap.
[[0;32m  OK  [0m] Created slice system-getty.slice.
[[0;32m  OK  [0m] Started LSB: AppArmor initialization.
         Starting Load AppArmor profiles managed internally by snapd...
[[0;32m  OK  [0m] Started Load AppArmor profiles managed internally by snapd.
[    9.667451] cloud-init[626]: Cloud-init v. 21.1-19-gbad84ad4-0ubuntu1~16.04.2 running 'init-local' at Wed, 19 Jan 2022 18:23:19 +0000. Up 9.50 seconds.
[[0;32m  OK  [0m] Started Initial cloud-init job (pre-networking).
[[0;32m  OK  [0m] Reached target Network (Pre).
         Starting Raise network interfaces...
[[0;32m  OK  [0m] Started Raise network interfaces.
         Starting Initial cloud-init job (metadata service crawler)...
[[0;32m  OK  [0m] Reached target Network.
[   10.380816] cloud-init[962]: Cloud-init v. 21.1-19-gbad84ad4-0ubuntu1~16.04.2 running 'init' at Wed, 19 Jan 2022 18:23:19 +0000. Up 10.06 seconds.
[   10.381919] cloud-init[962]: ci-info: ++++++++++++++++++++++++++++++++++++++Net device info+++++++++++++++++++++++++++++++++++++++
[   10.382845] cloud-init[962]: ci-info: +--------+-------+----------------------------+---------------+--------+-------------------+
[   10.383905] cloud-init[962]: ci-info: | Device |   Up  |          Address           |      Mask     | Scope  |     Hw-Address    |
[   10.384927] cloud-init[962]: ci-info: +--------+-------+----------------------------+---------------+--------+-------------------+
[   10.385959] cloud-init[962]: ci-info: | enp0s3 |  True |         10.0.2.15          | 255.255.255.0 | global | 02:be:82:6b:cc:1d |
[   10.387036] cloud-init[962]: ci-info: | enp0s3 |  True | fe80::be:82ff:fe6b:cc1d/64 |       .       |  link  | 02:be:82:6b:cc:1d |
[   10.387995] cloud-init[962]: ci-info: | enp0s8 | False |             .              |       .       |   .    | 08:00:27:65:1d:0d |
[   10.389116] cloud-init[962]: ci-info: |   lo   |  True |         127.0.0.1          |   255.0.0.0   |  host  |         .         |
[   10.390093] cloud-init[962]: ci-info: |   lo   |  True |          ::1/128           |       .       |  host  |         .         |
[   10.391062] cloud-init[962]: ci-info: +--------+-------+----------------------------+---------------+--------+-------------------+
[   10.392131] cloud-init[962]: ci-info: +++++++++++++++++++++++++++Route IPv4 info++++++++++++++++++++++++++++
[   10.393081] cloud-init[962]: ci-info: +-------+-------------+----------+---------------+-----------+-------+
[   10.393998] cloud-init[962]: ci-info: | Route | Destination | Gateway  |    Genmask    | Interface | Flags |
[   10.394911] cloud-init[962]: ci-info: +-------+-------------+----------+---------------+-----------+-------+
[   10.395732] cloud-init[962]: ci-info: |   0   |   0.0.0.0   | 10.0.2.2 |    0.0.0.0    |   enp0s3  |   UG  |
[   10.396539] cloud-init[962]: ci-info: |   1   |   10.0.2.0  | 0.0.0.0  | 255.255.255.0 |   enp0s3  |   U   |
[   10.397435] cloud-init[962]: ci-info: +-------+-------------+----------+---------------+-----------+-------+
[   10.398224] cloud-init[962]: ci-info: +++++++++++++++++++Route IPv6 info+++++++++++++++++++
[   10.398997] cloud-init[962]: ci-info: +-------+-------------+---------+-----------+-------+
[   10.399781] cloud-init[962]: ci-info: | Route | Destination | Gateway | Interface | Flags |
[   10.400577] cloud-init[962]: ci-info: +-------+-------------+---------+-----------+-------+
[   10.401319] cloud-init[962]: ci-info: |   0   |  fe80::/64  |    ::   |   enp0s3  |   U   |
[   10.402059] cloud-init[962]: ci-info: |   3   |   ff00::/8  |    ::   |   enp0s3  |   U   |
[   10.402771] cloud-init[962]: ci-info: +-------+-------------+---------+-----------+-------+
[   10.408226] cloud-init[962]: Generating public/private rsa key pair.
[   10.408864] cloud-init[962]: Your identification has been saved in /etc/ssh/ssh_host_rsa_key.
[   10.409668] cloud-init[962]: Your public key has been saved in /etc/ssh/ssh_host_rsa_key.pub.
[   10.410456] cloud-init[962]: The key fingerprint is:
[   10.410994] cloud-init[962]: SHA256:6cNHrN3NlUTH3z15V8CNRMxBHyLVYaJY+9i/2ki4Teg root@ubuntu-xenial
[   10.411770] cloud-init[962]: The key's randomart image is:
[   10.412342] cloud-init[962]: +---[RSA 2048]----+
[   10.412848] cloud-init[962]: |           o.@B@o|
[   10.413347] cloud-init[962]: |          o + Xo*|
[   10.413862] cloud-init[962]: |         . o   .B|
[   10.414369] cloud-init[962]: |         o  + .oB|
[   10.414874] cloud-init[962]: |        S o. o .=|
[   10.415370] cloud-init[962]: |       o + .oo.. |
[   10.415870] cloud-init[962]: |        = oo.oo. |
[   10.416434] cloud-init[962]: |         o. = o .|
[   10.416931] cloud-init[962]: |           E +.o |
[   10.417502] cloud-init[962]: +----[SHA256]-----+
[   10.418056] cloud-init[962]: Generating public/private dsa key pair.
[   10.418719] cloud-init[962]: Your identification has been saved in /etc/ssh/ssh_host_dsa_key.
[   10.419558] cloud-init[962]: Your public key has been saved in /etc/ssh/ssh_host_dsa_key.pub.
[   10.420302] cloud-init[962]: The key fingerprint is:
[   10.420849] cloud-init[962]: SHA256:gdu8khxJVLZWGaqaIZ4EG6Ht2noflD638UY4YyAYVqQ root@ubuntu-xenial
[   10.421660] cloud-init[962]: The key's randomart image is:
[   10.422231] cloud-init[962]: +---[DSA 1024]----+
[   10.422764] cloud-init[962]: |. oo  ..o oo     |
[   10.423273] cloud-init[962]: |o+.  . o +.      |
[   10.423797] cloud-init[962]: |=E.   o =        |
[   10.424315] cloud-init[962]: |.=. .o B .       |
[   10.424921] cloud-init[962]: |. +.+.=.S        |
[   10.425423] cloud-init[962]: | = = ==o..       |
[   10.425919] cloud-init[962]: |. + *.*+.        |
[   10.426422] cloud-init[962]: | ..  + =.        |
[   10.426955] cloud-init[962]: |.. .. ...        |
[   10.427457] cloud-init[962]: +----[SHA256]-----+
[   10.427960] cloud-init[962]: Generating public/private ecdsa key pair.
[   10.428591] cloud-init[962]: Your identification has been saved in /etc/ssh/ssh_host_ecdsa_key.
[   10.429354] cloud-init[962]: Your public key has been saved in /etc/ssh/ssh_host_ecdsa_key.pub.
[   10.430112] cloud-init[962]: The key fingerprint is:
[   10.430745] cloud-init[962]: SHA256:WRHrtvKauIIcAjkI8fRC0mIFEVRyfw8QZc8kFyv097Y root@ubuntu-xenial
[   10.431753] cloud-init[962]: The key's randomart image is:
[   10.432536] cloud-init[962]: +---[ECDSA 256]---+
[   10.433235] cloud-init[962]: |+OO+ oo= ++.     |
[   10.433990] cloud-init[962]: |o*+.. + B .o     |
[   10.434811] cloud-init[962]: |+oo .. + =o.     |
[   10.435483] cloud-init[962]: |=  .  . ++. .    |
[   10.436195] cloud-init[962]: |..      S.o  o   |
[   10.437035] cloud-init[962]: |. .      . .. .  |
[   10.437645] cloud-init[962]: | o o    . .  E   |
[   10.438138] cloud-init[962]: |  o .  . +       |
[   10.438691] cloud-init[962]: |     .o.o..      |
[   10.439185] cloud-init[962]: +----[SHA256]-----+
[   10.439711] cloud-init[962]: Generating public/private ed25519 key pair.
[   10.440357] cloud-init[962]: Your identification has been saved in /etc/ssh/ssh_host_ed25519_key.
[   10.441134] cloud-init[962]: Your public key has been saved in /etc/ssh/ssh_host_ed25519_key.pub.
[   10.442116] cloud-init[962]: The key fingerprint is:
[   10.442841] cloud-init[962]: SHA256:fzbP+KbodLd0jnvCHugIYYwU19Z3e6a+yXXPbH0fYaU root@ubuntu-xenial
[   10.443758] cloud-init[962]: The key's randomart image is:
[   10.444394] cloud-init[962]: +--[ED25519 256]--+
[   10.444957] cloud-init[962]: |      . .. .     |
[   10.445450] cloud-init[962]: |       o  o . . .|
[   10.445970] cloud-init[962]: |      .  .   . .o|
[   10.446499] cloud-init[962]: |     . o       o+|
[   10.447025] cloud-init[962]: |      . S     E=.|
[   10.447533] cloud-init[962]: |       . o   .o .|
[   10.448085] cloud-init[962]: |        . o *o+.=|
[   10.448601] cloud-init[962]: |         o B O=@O|
[   10.449104] cloud-init[962]: |         .+ +=%*O|
[   10.449620] cloud-init[962]: +----[SHA256]-----+
[[0;32m  OK  [0m] Started Initial cloud-init job (metadata service crawler).
[[0;32m  OK  [0m] Reached target Cloud-config availability.
[[0;32m  OK  [0m] Reached target System Initialization.
         Starting Socket activation for snappy daemon.
[[0;32m  OK  [0m] Started Daily Cleanup of Temporary Directories.
[[0;32m  OK  [0m] Started ACPI Events Check.
[[0;32m  OK  [0m] Reached target Paths.
[[0;32m  OK  [0m] Listening on D-Bus System Message Bus Socket.
[[0;32m  OK  [0m] Listening on ACPID Listen Socket.
         Starting LXD - unix socket.
[[0;32m  OK  [0m] Listening on UUID daemon activation socket.
[[0;32m  OK  [0m] Started Daily apt download activities.
[[0;32m  OK  [0m] Started Message of the Day.
[[0;32m  OK  [0m] Started Ubuntu Advantage update messaging.
[[0;32m  OK  [0m] Started Daily apt upgrade and clean activities.
[[0;32m  OK  [0m] Reached target Timers.
[[0;32m  OK  [0m] Reached target Network is Online.
         Starting iSCSI initiator daemon (iscsid)...
[[0;32m  OK  [0m] Listening on Socket activation for snappy daemon.
[[0;32m  OK  [0m] Listening on LXD - unix socket.
[[0;32m  OK  [0m] Reached target Sockets.
[[0;32m  OK  [0m] Reached target Basic System.
         Starting System Logging Service...
         Starting Pollinate to seed the pseudo random number generator...
[[0;32m  OK  [0m] Started Deferred execution scheduler.
[[0;32m  OK  [0m] Started ACPI event daemon.
[[0;32m  OK  [0m] Started Regular background program processing daemon.
         Starting Accounts Service...
[[0;32m  OK  [0m] Started FUSE filesystem for LXC.
         Starting LSB: MD monitoring daemon...
         Starting LXD - container startup/shutdown...
         Starting /etc/rc.local Compatibility...
         Starting LSB: Record successful boot for GRUB...
[[0;32m  OK  [0m] Started D-Bus System Message Bus.
         Starting Login Service...
         Starting Virtualbox guest utils...
         Starting Snap Daemon...
[[0;32m  OK  [0m] Started System Logging Service.
[[0;32m  OK  [0m] Started /etc/rc.local Compatibility.
[[0;32m  OK  [0m] Started iSCSI initiator daemon (iscsid).
         Starting Login to default iSCSI targets...
         Starting Authenticate and Authorize Users to Run Privileged Tasks...
[[0;32m  OK  [0m] Started Login Service.
[[0;32m  OK  [0m] Started Unattended Upgrades Shutdown.
[[0;32m  OK  [0m] Started LSB: Record successful boot for GRUB.
[[0;32m  OK  [0m] Started LSB: MD monitoring daemon.
[[0;32m  OK  [0m] Started Login to default iSCSI targets.
[[0;32m  OK  [0m] Reached target Remote File Systems (Pre).
[[0;32m  OK  [0m] Reached target Remote File Systems.
         Starting LSB: Set the CPU Frequency Scaling governor to "ondemand"...
         Starting LSB: automatic crash report generation...
         Starting LSB: daemon to balance interrupts for SMP systems...
         Starting Permit User Sessions...
[[0;32m  OK  [0m] Started Permit User Sessions.
[[0;32m  OK  [0m] Started Authenticate and Authorize Users to Run Privileged Tasks.
[[0;32m  OK  [0m] Started Accounts Service.
         Starting Hold until boot process finishes up...
         Starting Terminate Plymouth Boot Screen...
[[0;32m  OK  [0m] Started Hold until boot process finishes up.
[[0;32m  OK  [0m] Started Getty on tty1.
         Starting Set console scheme...
[[0;32m  OK  [0m] Started Serial Getty on ttyS0.
[[0;32m  OK  [0m] Reached target Login Prompts.
[[0;32m  OK  [0m] Started LXD - container startup/shutdown.
[[0;32m  OK  [0m] Started Set console scheme.
[[0;32m  OK  [0m] Started LSB: Set the CPU Frequency Scaling governor to "ondemand".
[[0;32m  OK  [0m] Started Terminate Plymouth Boot Screen.
[[0;32m  OK  [0m] Started LSB: daemon to balance interrupts for SMP systems.
[[0;32m  OK  [0m] Started LSB: automatic crash report generation.
[[0;32m  OK  [0m] Started Virtualbox guest utils.
[[0;32m  OK  [0m] Started Snap Daemon.
         Starting Wait until snapd is fully seeded...
[[0;32m  OK  [0m] Started Pollinate to seed the pseudo random number generator.
         Starting OpenBSD Secure Shell server...
[[0;32m  OK  [0m] Started OpenBSD Secure Shell server.
[[0;32m  OK  [0m] Created slice User Slice of vagrant.
         Starting User Manager for UID 1000...
[[0;32m  OK  [0m] Started Session 1 of user vagrant.
[[0;32m  OK  [0m] Started User Manager for UID 1000.
[[0;32m  OK  [0m] Started Wait until snapd is fully seeded.
         Starting Apply the settings specified in cloud-config...
[[0;32m  OK  [0m] Reached target Multi-User System.
[[0;32m  OK  [0m] Reached target Graphical Interface.
         Starting Update UTMP about System Runlevel Changes...
[[0;32m  OK  [0m] Started Update UTMP about System Runlevel Changes.
[   13.061142] cloud-init[1428]: Generating locales (this might take a while)...
[   13.469452] cloud-init[1428]:   en_US.UTF-8... done
[   13.470113] cloud-init[1428]: Generation complete.
[[0;32m  OK  [0m] Started Session 2 of user vagrant.
[   13.637160] cloud-init[1428]: Cloud-init v. 21.1-19-gbad84ad4-0ubuntu1~16.04.2 running 'modules:config' at Wed, 19 Jan 2022 18:23:22 +0000. Up 13.00 seconds.
[[0;32m  OK  [0m] Started Apply the settings specified in cloud-config.
         Starting Execute cloud user/final scripts...
ci-info: no authorized SSH keys fingerprints found for user ubuntu.
<14>Jan 19 18:23:23 ec2: 
<14>Jan 19 18:23:23 ec2: #############################################################
<14>Jan 19 18:23:23 ec2: -----BEGIN SSH HOST KEY FINGERPRINTS-----
<14>Jan 19 18:23:23 ec2: 1024 SHA256:gdu8khxJVLZWGaqaIZ4EG6Ht2noflD638UY4YyAYVqQ root@ubuntu-xenial (DSA)
<14>Jan 19 18:23:23 ec2: 256 SHA256:WRHrtvKauIIcAjkI8fRC0mIFEVRyfw8QZc8kFyv097Y root@ubuntu-xenial (ECDSA)
<14>Jan 19 18:23:23 ec2: 256 SHA256:fzbP+KbodLd0jnvCHugIYYwU19Z3e6a+yXXPbH0fYaU root@ubuntu-xenial (ED25519)
<14>Jan 19 18:23:23 ec2: 2048 SHA256:6cNHrN3NlUTH3z15V8CNRMxBHyLVYaJY+9i/2ki4Teg root@ubuntu-xenial (RSA)
<14>Jan 19 18:23:23 ec2: -----END SSH HOST KEY FINGERPRINTS-----
<14>Jan 19 18:23:23 ec2: #############################################################
-----BEGIN SSH HOST KEY KEYS-----
ecdsa-sha2-nistp256 AAAAE2VjZHNhLXNoYTItbmlzdHAyNTYAAAAIbmlzdHAyNTYAAABBBEB9UjVo+JbS8FbQzJDqjkKCXhdgnib45GmRhCXhLxlTycUnvUfsy1NvQG7agJOk/EWhQsHfLblhLFbaWqm3Lck= root@ubuntu-xenial
ssh-ed25519 AAAAC3NzaC1lZDI1NTE5AAAAIOfgh1SmSAeKMeSgDATD/dNVYDOaml0JJwOz+BC/0jak root@ubuntu-xenial
ssh-rsa AAAAB3NzaC1yc2EAAAADAQABAAABAQDYjr2BvzTrP0hlNFJ4tbjAojf2albXojiNYPoQ8c5MUx8MVI4Ks4PjqsueTwsvYJBre9fqOtZqP253fiX2t/MN003dSUIHX+ymzq7moiTNzUNuJTqXXC1CIwzflZaaWmW1pTyJt2fwuaNXkdwgXkrWSYP0fga/JSuPgZriBAI/N34OM0PBKiXf5NpGYDNUBtUC7KuCMUpDON8Z4Bdsit98uZEq/W5/QwTSWx6PK/F9vi0ld94++c+hoc7KLpYeRucgZ6wXC13ERJGgT2mTV94UpArNbdMhfhfisOJzDTLgag8lGq2Fj/RM4pYzOjsXH2BMSpu21X4rLB0cMSptdzHX root@ubuntu-xenial
-----END SSH HOST KEY KEYS-----
[   13.889365] cloud-init[1622]: Cloud-init v. 21.1-19-gbad84ad4-0ubuntu1~16.04.2 running 'modules:final' at Wed, 19 Jan 2022 18:23:23 +0000. Up 13.80 seconds.
[   13.890780] cloud-init[1622]: ci-info: no authorized SSH keys fingerprints found for user ubuntu.
[   13.891853] cloud-init[1622]: Cloud-init v. 21.1-19-gbad84ad4-0ubuntu1~16.04.2 finished at Wed, 19 Jan 2022 18:23:23 +0000. Datasource DataSourceNoCloud [seed=/dev/sdb][dsmode=net].  Up 13.88 seconds
[[0;32m  OK  [0m] Started Execute cloud user/final scripts.
[[0;32m  OK  [0m] Reached target Cloud-init target.

Ubuntu 16.04.7 LTS ubuntu-xenial ttyS0

ubuntu-xenial login:          Stopping ACPI event daemon...
         Stopping User Manager for UID 1000...
[[0;32m  OK  [0m] Stopped target Graphical Interface.
[[0;32m  OK  [0m] Stopped target Timers.
[[0;32m  OK  [0m] Stopped Daily Cleanup of Temporary Directories.
[[0;32m  OK  [0m] Stopped Daily apt upgrade and clean activities.
[[0;32m  OK  [0m] Stopped target Cloud-init target.
[[0;32m  OK  [0m] Closed Load/Save RF Kill Switch Status /dev/rfkill Watch.
         Stopping Authenticate and Authorize Users to Run Privileged Tasks...
         Stopping Accounts Service...
[[0;32m  OK  [0m] Stopped Message of the Day.
         Stopping Session 4 of user vagrant.
[[0;32m  OK  [0m] Stopped Execute cloud user/final scripts.
[[0;32m  OK  [0m] Stopped Apply the settings specified in cloud-config.
[[0;32m  OK  [0m] Stopped target Cloud-config availability.
[[0;32m  OK  [0m] Stopped target Multi-User System.
         Stopping LSB: Set the CPU Frequency Scaling governor to "ondemand"...
         Stopping System Logging Service...
         Stopping vboxadd-service.service...
         Stopping LXD - container startup/shutdown...
         Stopping LSB: Record successful boot for GRUB...
         Stopping D-Bus System Message Bus...
         Stopping OpenBSD Secure Shell server...
         Stopping Regular background program processing daemon...
[[0;32m  OK  [0m] Stopped Wait until snapd is fully seeded.
         Stopping LSB: automatic crash report generation...
         Stopping FUSE filesystem for LXC...
         Stopping A high performance web server and a reverse proxy server...
         Stopping Deferred execution scheduler...
[[0;32m  OK  [0m] Stopped Daily apt download activities.
[[0;32m  OK  [0m] Stopped target Login Prompts.
         Stopping Getty on tty1...
         Stopping Serial Getty on ttyS0...
[[0;32m  OK  [0m] Stopped Ubuntu Advantage update messaging.
[[0;32m  OK  [0m] Stopped target System Time Synchronized.
         Stopping LSB: MD monitoring daemon...
         Stopping LSB: daemon to balance interrupts for SMP systems...
[[0;32m  OK  [0m] Stopped System Logging Service.
[[0;32m  OK  [0m] Stopped Deferred execution scheduler.
[[0;32m  OK  [0m] Stopped Regular background program processing daemon.
[[0;32m  OK  [0m] Stopped ACPI event daemon.
[[0;32m  OK  [0m] Stopped Accounts Service.
[[0;32m  OK  [0m] Stopped Authenticate and Authorize Users to Run Privileged Tasks.
[[0;32m  OK  [0m] Stopped Getty on tty1.
[[0;32m  OK  [0m] Stopped Serial Getty on ttyS0.
[[0;32m  OK  [0m] Stopped OpenBSD Secure Shell server.
[[0;32m  OK  [0m] Stopped User Manager for UID 1000.
[[0;32m  OK  [0m] Stopped Session 4 of user vagrant.
[[0;32m  OK  [0m] Stopped D-Bus System Message Bus.
[[0;32m  OK  [0m] Unmounted /var/lib/lxcfs.
[[0;32m  OK  [0m] Stopped FUSE filesystem for LXC.
[[0;32m  OK  [0m] Stopped A high performance web server and a reverse proxy server.
[[0;32m  OK  [0m] Stopped vboxadd-service.service.
[[0;32m  OK  [0m] Stopped LXD - container startup/shutdown.
[[0;32m  OK  [0m] Stopped LSB: Record successful boot for GRUB.
[[0;32m  OK  [0m] Stopped LSB: Set the CPU Frequency Scaling governor to "ondemand".
[[0;32m  OK  [0m] Stopped LSB: MD monitoring daemon.
         Stopping vboxadd.service...
[[0;32m  OK  [0m] Removed slice User Slice of vagrant.
         Stopping Login Service...
[[0;32m  OK  [0m] Removed slice system-serial\x2dgetty.slice.
[[0;32m  OK  [0m] Stopped /etc/rc.local Compatibility.
[[0;32m  OK  [0m] Removed slice system-getty.slice.
         Stopping Permit User Sessions...
[[0;32m  OK  [0m] Stopped LSB: automatic crash report generation.
[[0;32m  OK  [0m] Stopped LSB: daemon to balance interrupts for SMP systems.
[[0;32m  OK  [0m] Stopped Permit User Sessions.
[[0;32m  OK  [0m] Stopped target Remote File Systems.
         Unmounting /vagrant...
[[0;32m  OK  [0m] Stopped vboxadd.service.
[[0;32m  OK  [0m] Unmounted /vagrant.
[[0;32m  OK  [0m] Stopped target Remote File Systems (Pre).
         Stopping Login to default iSCSI targets...
[[0;32m  OK  [0m] Stopped Login to default iSCSI targets.
         Stopping iSCSI initiator daemon (iscsid)...
[[0;32m  OK  [0m] Stopped iSCSI initiator daemon (iscsid).
[[0;32m  OK  [0m] Stopped target Network is Online.
[[0;32m  OK  [0m] Stopped target Network.
[[0;32m  OK  [0m] Stopped Login Service.
[[0;32m  OK  [0m] Stopped target User and Group Name Lookups.
[[0;32m  OK  [0m] Stopped target Basic System.
[[0;32m  OK  [0m] Stopped target Paths.
[[0;32m  OK  [0m] Stopped Forward Password Requests to Wall Directory Watch.
[[0;32m  OK  [0m] Stopped ACPI Events Check.
[[0;32m  OK  [0m] Stopped Dispatch Password Requests to Console Directory Watch.
[[0;32m  OK  [0m] Stopped target Sockets.
[[0;32m  OK  [0m] Closed LXD - unix socket.
[[0;32m  OK  [0m] Closed D-Bus System Message Bus Socket.
[[0;32m  OK  [0m] Closed ACPID Listen Socket.
[[0;32m  OK  [0m] Closed Syslog Socket.
[[0;32m  OK  [0m] Closed UUID daemon activation socket.
[[0;32m  OK  [0m] Closed Socket activation for snappy daemon.
[[0;32m  OK  [0m] Stopped target System Initialization.
         Stopping Load/Save Random Seed...
[[0;32m  OK  [0m] Stopped Commit a transient machine-id on disk.
[[0;32m  OK  [0m] Stopped target Swap.
[[0;32m  OK  [0m] Stopped Initial cloud-init job (metadata service crawler).
         Stopping Raise network interfaces...
[[0;32m  OK  [0m] Stopped target Encrypted Volumes.
[[0;32m  OK  [0m] Stopped Create Volatile Files and Directories.
[[0;32m  OK  [0m] Stopped target Slices.
[[0;32m  OK  [0m] Removed slice User and Session Slice.
[[0;32m  OK  [0m] Stopped Load/Save Random Seed.
[[0;32m  OK  [0m] Stopped Raise network interfaces.
[[0;32m  OK  [0m] Stopped target Local File Systems.
         Unmounting /run/user/1000...
[[0;32m  OK  [0m] Stopped target Network (Pre).
[[0;32m  OK  [0m] Stopped Initial cloud-init job (pre-networking).
[[0;32m  OK  [0m] Stopped Apply Kernel Variables.
[[0;32m  OK  [0m] Stopped Load Kernel Modules.
[[0;32m  OK  [0m] Unmounted /run/user/1000.
[[0;32m  OK  [0m] Reached target Unmount All Filesystems.
[[0;32m  OK  [0m] Stopped target Local File Systems (Pre).
[[0;32m  OK  [0m] Stopped Remount Root and Kernel File Systems.
[[0;32m  OK  [0m] Stopped Create Static Device Nodes in /dev.
[[0;32m  OK  [0m] Reached target Shutdown.
[  360.059359] reboot: Power down
